<?xml version="1.0" encoding="UTF-8"?>
<!-- Generated by org.testng.reporters.JUnitReportReporter -->
<testsuite hostname="US-PF2HMW22" failures="0" tests="1" name="RunCukesTest" time="15.427" errors="1" timestamp="2023-02-09T11:01:44 COT" skipped="0">
  <testcase classname="RunCukesTest" name="runScenario" time="15.427">
    <error message="Input must be set" type="java.lang.IllegalArgumentException">
      <![CDATA[java.lang.IllegalArgumentException: Input must be set
at org.openqa.selenium.internal.Require.nonNull(Require.java:59)
at org.openqa.selenium.support.ui.FluentWait.<init>(FluentWait.java:97)
at org.openqa.selenium.support.ui.WebDriverWait.<init>(WebDriverWait.java:77)
at org.openqa.selenium.support.ui.WebDriverWait.<init>(WebDriverWait.java:46)
at login.Page_Home.moduloAmadeus(Page_Home.java:14)
at steps.SearchSteps.userEntersDressesInSearchBar(SearchSteps.java:54)
at âœ½.Ingresar al modulo Usuario Amadeus(file:///C:/Users/mortegabuitr/OneDrive%20-%20DXC%20Production/Documents/Esqueletos/CucumberTest/src/test/java/features/search.feature:6)
]]>
    </error>
  </testcase> <!-- runScenario -->
  <system-out/>
</testsuite> <!-- RunCukesTest -->
